[2m2025-10-05T20:57:47.533496Z[0m [31mERROR[0m [2mglazewm[0m[2m:[0m Another instance of the application is already running.
[2m2025-10-05T21:20:05.218288Z[0m [31mERROR[0m [2mglazewm[0m[2m:[0m keybindings[24].commands: unrecognized subcommand
 at line 259 column 15
[2m2025-10-05T21:20:18.790713Z[0m [31mERROR[0m [2mglazewm[0m[2m:[0m keybindings[24].commands: unrecognized subcommand
 at line 259 column 15
[2m2025-10-05T21:21:03.672998Z[0m [31mERROR[0m [2mglazewm[0m[2m:[0m keybindings[24].commands: unrecognized subcommand
 at line 259 column 15
[2m2025-10-05T21:22:37.766586Z[0m [31mERROR[0m [2mglazewm[0m[2m:[0m keybindings[24].commands: unrecognized subcommand
 at line 259 column 15
[2m2025-10-05T21:22:46.642824Z[0m [31mERROR[0m [2mglazewm[0m[2m:[0m keybindings[24].commands: unrecognized subcommand
 at line 259 column 15
[2m2025-10-06T05:25:36.810326Z[0m [31mERROR[0m [2mglazewm[0m[2m:[0m Failed to create single instance mutex.

Caused by:
    Acceso denegado. (0x80070005)
[2m2025-10-06T05:26:01.125476Z[0m [31mERROR[0m [2mglazewm[0m[2m:[0m Another instance of the application is already running.
[2m2025-10-19T03:42:07.423685Z[0m [31mERROR[0m [2mglazewm[0m[2m:[0m Workspace with name '0' doesn't exist or is already active.
[2m2025-10-19T00:04:40.772035Z[0m [31mERROR[0m [2mglazewm[0m[2m:[0m Workspace with name '1' doesn't exist or is already active.
[2m2025-10-19T00:04:44.310478Z[0m [31mERROR[0m [2mglazewm[0m[2m:[0m Workspace with name '1' doesn't exist or is already active.
[2m2025-10-25T04:34:23.913535Z[0m [31mERROR[0m [2mglazewm[0m[2m:[0m Another instance of the application is already running.
[2m2025-11-08T02:06:22.640553Z[0m [31mERROR[0m [2mglazewm[0m[2m:[0m Another instance of the application is already running.
[2m2025-11-08T02:06:26.468480Z[0m [31mERROR[0m [2mglazewm[0m[2m:[0m Another instance of the application is already running.
[2m2025-11-16T19:27:43.362218Z[0m [31mERROR[0m [2mglazewm[0m[2m:[0m Another instance of the application is already running.
[2m2025-11-18T22:37:36.488173Z[0m [31mERROR[0m [2mglazewm[0m[2m:[0m Another instance of the application is already running.
[2m2026-01-04T17:38:27.448645Z[0m [31mERROR[0m [2mglazewm[0m[2m:[0m Another instance of the application is already running.
[2m2026-01-27T15:31:16.176388Z[0m [31mERROR[0m [2mglazewm[0m[2m:[0m Another instance of the application is already running.
